<?xml version="1.0" encoding="UTF-8"?>
<testng-results skipped="0" failed="0" ignored="0" total="1" passed="1">
  <reporter-output>
  </reporter-output>
  <suite name="Default suite" duration-ms="6596" started-at="2019-02-08T06:39:36Z" finished-at="2019-02-08T06:39:42Z">
    <groups>
    </groups>
    <test name="Default test" duration-ms="6596" started-at="2019-02-08T06:39:36Z" finished-at="2019-02-08T06:39:42Z">
      <class name="com.automation.testCases.LoginTest">
        <test-method status="PASS" signature="loginApp()[pri:0, instance:com.automation.testCases.LoginTest@5034c75a]" name="loginApp" duration-ms="6549" started-at="2019-02-08T12:09:36Z" finished-at="2019-02-08T12:09:42Z">
          <reporter-output>
          </reporter-output>
        </test-method> <!-- loginApp -->
      </class> <!-- com.automation.testCases.LoginTest -->
    </test> <!-- Default test -->
  </suite> <!-- Default suite -->
</testng-results>
